2025-04-25 22:50:10,542 [INFO] Starting Advanced Python App (v2.0)
2025-04-25 22:50:10,547 [INFO] Greeting user: User
2025-04-25 22:50:10,547 [INFO] Performing task: fetch_data
2025-04-25 22:50:10,547 [INFO] Fetching data from an API.
2025-04-25 22:50:10,970 [INFO] Data fetched successfully: {'userId': 1, 'id': 1, 'title': 'sunt aut facere repellat provident occaecati excepturi optio reprehenderit', 'body': 'quia et suscipit\nsuscipit recusandae consequuntur expedita et cum\nreprehenderit molestiae ut ut quas totam\nnostrum rerum est autem sunt rem eveniet architecto'}
2025-04-25 22:50:10,972 [INFO] Application finished successfully.
2025-04-25 22:50:24,204 [INFO] Starting Advanced Python App (v2.0)
2025-04-25 22:50:55,707 [INFO] Starting Advanced Python App (v2.0)
2025-04-25 22:50:55,710 [INFO] Greeting user: User
2025-04-25 22:50:55,710 [INFO] Performing task: fetch_data
2025-04-25 22:50:55,710 [INFO] Fetching data from an API.
2025-04-25 22:50:55,804 [INFO] Data fetched successfully: {'userId': 1, 'id': 1, 'title': 'sunt aut facere repellat provident occaecati excepturi optio reprehenderit', 'body': 'quia et suscipit\nsuscipit recusandae consequuntur expedita et cum\nreprehenderit molestiae ut ut quas totam\nnostrum rerum est autem sunt rem eveniet architecto'}
2025-04-25 22:50:55,804 [INFO] Application finished successfully.
2025-04-25 22:52:05,462 [INFO] Starting Advanced Python App (v2.0)
2025-04-25 22:52:45,466 [INFO] Starting Advanced Python App (v2.0)
2025-04-25 22:52:58,764 [INFO] Starting Advanced Python App (v2.0)
2025-04-25 22:52:58,794 [INFO] Greeting user: Arshiya
2025-04-25 22:52:58,794 [INFO] Performing task: something
2025-04-25 22:52:58,809 [WARNING] Unrecognized task: something
2025-04-25 22:52:58,811 [INFO] Application finished successfully.
2025-04-25 22:53:14,253 [INFO] Starting Advanced Python App (v2.0)
2025-04-25 22:53:14,425 [INFO] Greeting user: Arshiya
2025-04-25 22:53:14,427 [INFO] Performing task: getch_data
2025-04-25 22:53:14,432 [WARNING] Unrecognized task: getch_data
2025-04-25 22:53:14,433 [INFO] Application finished successfully.
2025-04-25 22:53:24,604 [INFO] Starting Advanced Python App (v2.0)
2025-04-25 22:53:24,622 [INFO] Greeting user: Arshiya
2025-04-25 22:53:24,622 [INFO] Performing task: fetch_data
2025-04-25 22:53:24,622 [INFO] Fetching data from an API.
2025-04-25 22:53:24,734 [INFO] Data fetched successfully: {'userId': 1, 'id': 1, 'title': 'sunt aut facere repellat provident occaecati excepturi optio reprehenderit', 'body': 'quia et suscipit\nsuscipit recusandae consequuntur expedita et cum\nreprehenderit molestiae ut ut quas totam\nnostrum rerum est autem sunt rem eveniet architecto'}
2025-04-25 22:53:24,734 [INFO] Application finished successfully.
